h:\game development\luminacraft\luminacraft\x64\debug\vc143.pdb
h:\game development\luminacraft\luminacraft\x64\debug\vc143.idb
h:\game development\luminacraft\luminacraft\x64\debug\imgui_tables.obj
h:\game development\luminacraft\luminacraft\x64\debug\imgui_impl_opengl3.obj
h:\game development\luminacraft\luminacraft\x64\debug\imgui_impl_glfw.obj
h:\game development\luminacraft\luminacraft\x64\debug\imgui_draw.obj
h:\game development\luminacraft\luminacraft\x64\debug\imgui_demo.obj
h:\game development\luminacraft\luminacraft\x64\debug\imgui.obj
h:\game development\luminacraft\luminacraft\x64\debug\worldgen.obj
h:\game development\luminacraft\luminacraft\x64\debug\shader.obj
h:\game development\luminacraft\luminacraft\x64\debug\world.obj
h:\game development\luminacraft\luminacraft\x64\debug\chunk.obj
h:\game development\luminacraft\luminacraft\x64\debug\camera.obj
h:\game development\luminacraft\luminacraft\x64\debug\block.obj
h:\game development\luminacraft\luminacraft\x64\debug\winentry.obj
h:\game development\luminacraft\luminacraft\x64\debug\shaderlibrary.obj
h:\game development\luminacraft\luminacraft\x64\debug\renderer.obj
h:\game development\luminacraft\luminacraft\x64\debug\player.obj
h:\game development\luminacraft\luminacraft\x64\debug\log.obj
h:\game development\luminacraft\luminacraft\x64\debug\input.obj
h:\game development\luminacraft\luminacraft\x64\debug\imguirenderer.obj
h:\game development\luminacraft\luminacraft\x64\debug\application.obj
h:\game development\luminacraft\luminacraft\x64\debug\imgui_widgets.obj
h:\game development\luminacraft\luminacraft\x64\debug\mouseevents.obj
h:\game development\luminacraft\luminacraft\x64\debug\keyevent.obj
h:\game development\luminacraft\luminacraft\x64\debug\tuplehash.obj
h:\game development\luminacraft\luminacraft\x64\debug\tuplehash.h.ifc
h:\game development\luminacraft\luminacraft\x64\debug\tuplehash.h.ifc.d.json
h:\game development\luminacraft\luminacraft\x64\debug\tuplehash.h.obj
h:\game development\luminacraft\luminacraft\x64\debug\glad.obj
h:\game development\luminacraft\luminacraft\x64\debug\worldgen.h.ifc
h:\game development\luminacraft\luminacraft\x64\debug\worldgen.h.ifc.d.json
h:\game development\luminacraft\luminacraft\x64\debug\worldgen.h.obj
h:\game development\luminacraft\luminacraft\x64\debug\tuplehash.h.module.json
h:\game development\luminacraft\luminacraft\x64\debug\worldgen.h.module.json
d:\cpp-projects\luminacraft\luminacraft\x64\debug\tuplehash.h.module.json
d:\cpp-projects\luminacraft\luminacraft\x64\debug\worldgen.h.module.json
g:\cpp-projects\luminacraft\luminacraft\x64\debug\tuplehash.h.module.json
g:\cpp-projects\luminacraft\luminacraft\x64\debug\worldgen.h.module.json
h:\game development\luminacraft\luminacraft\x64\debug\luminacraft.ilk
h:\game development\luminacraft\luminacraft\x64\debug\planet.obj
h:\game development\luminacraft\x64\debug\luminacraft.pdb
h:\game development\luminacraft\luminacraft\x64\debug\luminacraft.tlog\cl.command.1.tlog
h:\game development\luminacraft\luminacraft\x64\debug\luminacraft.tlog\cl.items.tlog
h:\game development\luminacraft\luminacraft\x64\debug\luminacraft.tlog\cl.read.1.tlog
h:\game development\luminacraft\luminacraft\x64\debug\luminacraft.tlog\cl.write.1.tlog
h:\game development\luminacraft\luminacraft\x64\debug\luminacraft.tlog\link.command.1.tlog
h:\game development\luminacraft\luminacraft\x64\debug\luminacraft.tlog\link.read.1.tlog
h:\game development\luminacraft\luminacraft\x64\debug\luminacraft.tlog\link.read.2.tlog
h:\game development\luminacraft\luminacraft\x64\debug\luminacraft.tlog\link.secondary.1.tlog
h:\game development\luminacraft\luminacraft\x64\debug\luminacraft.tlog\link.write.1.tlog
h:\game development\luminacraft\luminacraft\x64\debug\luminacraft_md.tlog\cl.command.1.tlog
h:\game development\luminacraft\luminacraft\x64\debug\luminacraft_md.tlog\microsoft.build.cpptasks.cl.read.1.tlog
h:\game development\luminacraft\luminacraft\x64\debug\luminacraft_md.tlog\microsoft.build.cpptasks.cl.write.1.tlog
